Flutter crash report.
Please report a bug at https://github.com/flutter/flutter/issues.

## command

flutter pub get

## exception

YamlException: Error on line 34, column 18: Mapping values are not allowed here. Did you miss a colon earlier?
   ╷
34 │   graphql_flutter: ^3.0.0
   │                  ^
   ╵

```
#0      Scanner._fetchValue (package:yaml/src/scanner.dart:713:9)
#1      Scanner._fetchNextToken (package:yaml/src/scanner.dart:457:11)
#2      Scanner._fetchMoreTokens (package:yaml/src/scanner.dart:339:7)
#3      Scanner.peek (package:yaml/src/scanner.dart:317:27)
#4      Parser._parseBlockMappingKey (package:yaml/src/parser.dart:412:26)
#5      Parser._stateMachine (package:yaml/src/parser.dart:86:16)
#6      Parser.parse (package:yaml/src/parser.dart:47:19)
#7      Loader._loadMapping (package:yaml/src/loader.dart:169:23)
#8      Loader._loadNode (package:yaml/src/loader.dart:86:16)
#9      Loader._loadDocument (package:yaml/src/loader.dart:62:20)
#10     Loader.load (package:yaml/src/loader.dart:54:20)
#11     loadYamlDocument (package:yaml/yaml.dart:51:25)
#12     loadYamlNode (package:yaml/yaml.dart:42:5)
#13     loadYaml (package:yaml/yaml.dart:34:5)
#14     _pluginFromPackage (package:flutter_tools/src/plugins.dart:282:27)
#15     findPlugins (package:flutter_tools/src/plugins.dart:313:27)
<asynchronous suspension>
#16     injectPlugins (package:flutter_tools/src/plugins.dart:1067:38)
#17     FlutterProject.ensureReadyForPlatformSpecificTooling (package:flutter_tools/src/project.dart:254:11)
<asynchronous suspension>
#18     PackagesGetCommand.runCommand (package:flutter_tools/src/commands/packages.dart:128:23)
<asynchronous suspension>
#19     FlutterCommand.verifyThenRunCommand (package:flutter_tools/src/runner/flutter_command.dart:797:18)
#20     _rootRunUnary (dart:async/zone.dart:1198:47)
#21     _CustomZone.runUnary (dart:async/zone.dart:1100:19)
#22     _FutureListener.handleValue (dart:async/future_impl.dart:143:18)
#23     Future._propagateToListeners.handleValueCallback (dart:async/future_impl.dart:696:45)
#24     Future._propagateToListeners (dart:async/future_impl.dart:725:32)
#25     Future._completeWithValue (dart:async/future_impl.dart:529:5)
#26     Future._asyncCompleteWithValue.<anonymous closure> (dart:async/future_impl.dart:567:7)
#27     _rootRun (dart:async/zone.dart:1190:13)
#28     _CustomZone.run (dart:async/zone.dart:1093:19)
#29     _CustomZone.runGuarded (dart:async/zone.dart:997:7)
#30     _CustomZone.bindCallbackGuarded.<anonymous closure> (dart:async/zone.dart:1037:23)
#31     _microtaskLoop (dart:async/schedule_microtask.dart:41:21)
#32     _startMicrotaskLoop (dart:async/schedule_microtask.dart:50:5)
#33     _runPendingImmediateCallback (dart:isolate-patch/isolate_patch.dart:118:13)
#34     _RawReceivePortImpl._handleMessage (dart:isolate-patch/isolate_patch.dart:169:5)
```

## flutter doctor

```
[✓] Flutter (Channel beta, 1.19.0-4.3.pre, on Microsoft Windows [Version 10.0.18363.959], locale en-US)
    • Flutter version 1.19.0-4.3.pre at C:\Flutter\flutter
    • Framework revision 8fe7655ed2 (4 weeks ago), 2020-07-01 14:31:18 -0700
    • Engine revision 9a28c3bcf4
    • Dart version 2.9.0 (build 2.9.0-14.1.beta)

[✓] Android toolchain - develop for Android devices (Android SDK version 29.0.2)
    • Android SDK at C:\Users\abish\AppData\Local\Android\sdk
    • Platform android-29, build-tools 29.0.2
    • Java binary at: C:\Program Files\Android\Android Studio\jre\bin\java
    • Java version OpenJDK Runtime Environment (build 1.8.0_242-release-1644-b01)
    • All Android licenses accepted.

[✓] Chrome - develop for the web
    • Chrome at C:\Program Files (x86)\Google\Chrome\Application\chrome.exe

[✓] Android Studio (version 4.0)
    • Android Studio at C:\Program Files\Android\Android Studio
    • Flutter plugin version 47.1.2
    • Dart plugin version 193.7361
    • Java version OpenJDK Runtime Environment (build 1.8.0_242-release-1644-b01)

[✓] VS Code (version 1.47.3)
    • VS Code at C:\Users\abish\AppData\Local\Programs\Microsoft VS Code
    • Flutter extension version 3.12.2

[✓] Connected device (2 available)
    • Web Server • web-server • web-javascript • Flutter Tools
    • Chrome     • chrome     • web-javascript • Google Chrome 84.0.4147.89

• No issues found!
```
